<?xml version="1.0" encoding="UTF-8"?>
<testng-results ignored="0" total="1" passed="0" failed="1" skipped="0">
  <reporter-output>
    <line>
      <![CDATA[ruuning verifyText]]>
    </line>
    <line>
      <![CDATA[logout application]]>
    </line>
    <line>
      <![CDATA[close the browser]]>
    </line>
  </reporter-output>
  <suite started-at="2023-01-13T22:06:08 IST" name="Default suite" finished-at="2023-01-13T22:07:26 IST" duration-ms="78580">
    <groups>
    </groups>
    <test started-at="2023-01-13T22:06:08 IST" name="Default test" finished-at="2023-01-13T22:07:26 IST" duration-ms="78580">
      <class name="pagefactory_testng.Test1">
        <test-method is-config="true" signature="openBrowser()[pri:0, instance:pagefactory_testng.Test1@37d4349f]" started-at="2023-01-13T22:06:08 IST" name="openBrowser" finished-at="2023-01-13T22:07:17 IST" duration-ms="68766" status="PASS">
          <reporter-output>
          </reporter-output>
        </test-method> <!-- openBrowser -->
        <test-method is-config="true" signature="openApp()[pri:0, instance:pagefactory_testng.Test1@37d4349f]" started-at="2023-01-13T22:07:17 IST" name="openApp" finished-at="2023-01-13T22:07:17 IST" duration-ms="344" status="PASS">
          <reporter-output>
          </reporter-output>
        </test-method> <!-- openApp -->
        <test-method signature="verifyText()[pri:0, instance:pagefactory_testng.Test1@37d4349f]" started-at="2023-01-13T22:07:17 IST" name="verifyText" finished-at="2023-01-13T22:07:26 IST" duration-ms="9392" status="FAIL">
          <exception class="java.lang.AssertionError">
            <message>
              <![CDATA[expected [Enter Time-Track] but found [Enter Time-Track   ]]]>
            </message>
            <full-stacktrace>
              <![CDATA[java.lang.AssertionError: expected [Enter Time-Track] but found [Enter Time-Track   ]
at org.testng.Assert.fail(Assert.java:99)
at org.testng.Assert.failNotEquals(Assert.java:1037)
at org.testng.Assert.assertEqualsImpl(Assert.java:140)
at org.testng.Assert.assertEquals(Assert.java:122)
at org.testng.Assert.assertEquals(Assert.java:629)
at org.testng.Assert.assertEquals(Assert.java:639)
at pagefactory_testng.Test1.verifyText(Test1.java:57)
at java.base/jdk.internal.reflect.DirectMethodHandleAccessor.invoke(DirectMethodHandleAccessor.java:104)
at java.base/java.lang.reflect.Method.invoke(Method.java:577)
at org.testng.internal.MethodInvocationHelper.invokeMethod(MethodInvocationHelper.java:133)
at org.testng.internal.TestInvoker.invokeMethod(TestInvoker.java:598)
at org.testng.internal.TestInvoker.invokeTestMethod(TestInvoker.java:173)
at org.testng.internal.MethodRunner.runInSequence(MethodRunner.java:46)
at org.testng.internal.TestInvoker$MethodInvocationAgent.invoke(TestInvoker.java:824)
at org.testng.internal.TestInvoker.invokeTestMethods(TestInvoker.java:146)
at org.testng.internal.TestMethodWorker.invokeTestMethods(TestMethodWorker.java:146)
at org.testng.internal.TestMethodWorker.run(TestMethodWorker.java:128)
at java.base/java.util.ArrayList.forEach(ArrayList.java:1511)
at org.testng.TestRunner.privateRun(TestRunner.java:794)
at org.testng.TestRunner.run(TestRunner.java:596)
at org.testng.SuiteRunner.runTest(SuiteRunner.java:377)
at org.testng.SuiteRunner.runSequentially(SuiteRunner.java:371)
at org.testng.SuiteRunner.privateRun(SuiteRunner.java:332)
at org.testng.SuiteRunner.run(SuiteRunner.java:276)
at org.testng.SuiteRunnerWorker.runSuite(SuiteRunnerWorker.java:53)
at org.testng.SuiteRunnerWorker.run(SuiteRunnerWorker.java:96)
at org.testng.TestNG.runSuitesSequentially(TestNG.java:1212)
at org.testng.TestNG.runSuitesLocally(TestNG.java:1134)
at org.testng.TestNG.runSuites(TestNG.java:1063)
at org.testng.TestNG.run(TestNG.java:1031)
at org.testng.remote.AbstractRemoteTestNG.run(AbstractRemoteTestNG.java:115)
at org.testng.remote.RemoteTestNG.initAndRun(RemoteTestNG.java:251)
at org.testng.remote.RemoteTestNG.main(RemoteTestNG.java:77)
]]>
            </full-stacktrace>
          </exception> <!-- java.lang.AssertionError -->
          <reporter-output>
            <line>
              <![CDATA[ruuning verifyText]]>
            </line>
          </reporter-output>
        </test-method> <!-- verifyText -->
        <test-method is-config="true" signature="logout()[pri:0, instance:pagefactory_testng.Test1@37d4349f]" started-at="2023-01-13T22:07:26 IST" name="logout" finished-at="2023-01-13T22:07:26 IST" duration-ms="2" status="PASS">
          <reporter-output>
            <line>
              <![CDATA[logout application]]>
            </line>
          </reporter-output>
        </test-method> <!-- logout -->
        <test-method is-config="true" signature="closeBrowser()[pri:0, instance:pagefactory_testng.Test1@37d4349f]" started-at="2023-01-13T22:07:26 IST" name="closeBrowser" finished-at="2023-01-13T22:07:26 IST" duration-ms="1" status="PASS">
          <reporter-output>
            <line>
              <![CDATA[close the browser]]>
            </line>
          </reporter-output>
        </test-method> <!-- closeBrowser -->
      </class> <!-- pagefactory_testng.Test1 -->
    </test> <!-- Default test -->
  </suite> <!-- Default suite -->
</testng-results>
